c:\users\nn\source\repos\$\$\x64\debug\vc143.pdb
c:\users\nn\source\repos\$\$\x64\debug\vc143.idb
c:\users\nn\source\repos\$\$\x64\debug\stagemanager.obj
c:\users\nn\source\repos\$\$\x64\debug\rolltomove.obj
c:\users\nn\source\repos\$\$\x64\debug\main.obj
c:\users\nn\source\repos\$\$\x64\debug\header.obj
c:\users\nn\source\repos\$\$\x64\debug\gamestate.obj
c:\users\nn\source\repos\$\$\x64\debug\stage.obj
c:\users\nn\source\repos\$\$\x64\debug\selectbuck.obj
c:\users\nn\source\repos\$\$\x64\debug\playerturn.obj
c:\users\nn\source\repos\$\$\x64\debug\minimax.obj
c:\users\nn\source\repos\$\$\x64\debug\gameobject.obj
c:\users\nn\source\repos\$\$\x64\debug\button.obj
c:\users\nn\source\repos\$\$\x64\debug\game.obj
c:\users\nn\source\repos\$\$\x64\debug\footer.obj
c:\users\nn\source\repos\$\$\x64\debug\enemyturn.obj
c:\users\nn\source\repos\$\$\x64\debug\endofgame.obj
c:\users\nn\source\repos\$\$\x64\debug\diceanimation.obj
c:\users\nn\source\repos\$\$\x64\debug\actionresult.obj
c:\users\nn\source\repos\$\$\x64\debug\action.obj
c:\users\nn\source\repos\$\$\x64\debug\$.ilk
c:\users\nn\source\repos\$\x64\debug\$.exe
c:\users\nn\source\repos\$\x64\debug\$.pdb
c:\users\nn\source\repos\$\$\x64\debug\$.tlog\cl.command.1.tlog
c:\users\nn\source\repos\$\$\x64\debug\$.tlog\cl.read.1.tlog
c:\users\nn\source\repos\$\$\x64\debug\$.tlog\cl.write.1.tlog
c:\users\nn\source\repos\$\$\x64\debug\$.tlog\link.command.1.tlog
c:\users\nn\source\repos\$\$\x64\debug\$.tlog\link.read.1.tlog
c:\users\nn\source\repos\$\$\x64\debug\$.tlog\link.write.1.tlog
