  Action.cpp
  ActionResult.cpp
  DiceAnimation.cpp
C:\Users\Medion\Documents\Algorithms\$\$\$\DiceAnimation.cpp(34,70): warning C4244: аргумент: преобразование "float" в "T", возможна потеря данных
          with
          [
              T=int
          ]
C:\Users\Medion\Documents\Algorithms\$\$\$\DiceAnimation.cpp(34,58): warning C4244: аргумент: преобразование "float" в "T", возможна потеря данных
          with
          [
              T=int
          ]
C:\Users\Medion\Documents\Algorithms\$\$\$\DiceAnimation.cpp(34,41): warning C4244: аргумент: преобразование "float" в "T", возможна потеря данных
          with
          [
              T=int
          ]
  EndOfGame.cpp
C:\Users\Medion\Documents\Algorithms\$\$\$\DiceAnimation.cpp(34,70): warning C4244: аргумент: преобразование "float" в "T", возможна потеря данных
          with
          [
              T=int
          ]
C:\Users\Medion\Documents\Algorithms\$\$\$\DiceAnimation.cpp(34,58): warning C4244: аргумент: преобразование "float" в "T", возможна потеря данных
          with
          [
              T=int
          ]
C:\Users\Medion\Documents\Algorithms\$\$\$\DiceAnimation.cpp(34,41): warning C4244: аргумент: преобразование "float" в "T", возможна потеря данных
          with
          [
              T=int
          ]
  EnemyTurn.cpp
C:\Users\Medion\Documents\Algorithms\$\$\$\DiceAnimation.cpp(34,70): warning C4244: аргумент: преобразование "float" в "T", возможна потеря данных
          with
          [
              T=int
          ]
C:\Users\Medion\Documents\Algorithms\$\$\$\DiceAnimation.cpp(34,58): warning C4244: аргумент: преобразование "float" в "T", возможна потеря данных
          with
          [
              T=int
          ]
C:\Users\Medion\Documents\Algorithms\$\$\$\DiceAnimation.cpp(34,41): warning C4244: аргумент: преобразование "float" в "T", возможна потеря данных
          with
          [
              T=int
          ]
C:\Users\Medion\Documents\Algorithms\$\$\$\Minimax.cpp(18,16): warning C4244: инициализация: преобразование "double" в "float", возможна потеря данных
C:\Users\Medion\Documents\Algorithms\$\$\$\Minimax.cpp(21,22): warning C4244: +=: преобразование "double" в "float", возможна потеря данных
C:\Users\Medion\Documents\Algorithms\$\$\$\Minimax.cpp(22,22): warning C4244: +=: преобразование "double" в "float", возможна потеря данных
C:\Users\Medion\Documents\Algorithms\$\$\$\Minimax.cpp(37,1): warning C4267: аргумент: преобразование из "size_t" в "int"; возможна потеря данных
C:\Users\Medion\Documents\Algorithms\$\$\$\Minimax.cpp(38,1): warning C4267: аргумент: преобразование из "size_t" в "int"; возможна потеря данных
C:\Users\Medion\Documents\Algorithms\$\$\$\Minimax.cpp(39,1): warning C4267: аргумент: преобразование из "size_t" в "int"; возможна потеря данных
C:\Users\Medion\Documents\Algorithms\$\$\$\EnemyTurn.cpp(17,1): warning C4267: аргумент: преобразование из "size_t" в "int"; возможна потеря данных
C:\Users\Medion\Documents\Algorithms\$\$\$\EnemyTurn.cpp(37,1): warning C4267: аргумент: преобразование из "size_t" в "int"; возможна потеря данных
  Footer.cpp
  Game.cpp
C:\Users\Medion\Documents\Algorithms\$\$\$\DiceAnimation.cpp(34,70): warning C4244: аргумент: преобразование "float" в "T", возможна потеря данных
          with
          [
              T=int
          ]
C:\Users\Medion\Documents\Algorithms\$\$\$\DiceAnimation.cpp(34,58): warning C4244: аргумент: преобразование "float" в "T", возможна потеря данных
          with
          [
              T=int
          ]
C:\Users\Medion\Documents\Algorithms\$\$\$\DiceAnimation.cpp(34,41): warning C4244: аргумент: преобразование "float" в "T", возможна потеря данных
          with
          [
              T=int
          ]
C:\Users\Medion\Documents\Algorithms\$\$\$\SelectBuck.cpp(36,1): warning C4267: аргумент: преобразование из "size_t" в "int"; возможна потеря данных
C:\Users\Medion\Documents\Algorithms\$\$\$\PlayerTurn.cpp(104,1): warning C4267: аргумент: преобразование из "size_t" в "int"; возможна потеря данных
C:\Users\Medion\Documents\Algorithms\$\$\$\Minimax.cpp(18,16): warning C4244: инициализация: преобразование "double" в "float", возможна потеря данных
C:\Users\Medion\Documents\Algorithms\$\$\$\Minimax.cpp(21,22): warning C4244: +=: преобразование "double" в "float", возможна потеря данных
C:\Users\Medion\Documents\Algorithms\$\$\$\Minimax.cpp(22,22): warning C4244: +=: преобразование "double" в "float", возможна потеря данных
C:\Users\Medion\Documents\Algorithms\$\$\$\Minimax.cpp(37,1): warning C4267: аргумент: преобразование из "size_t" в "int"; возможна потеря данных
C:\Users\Medion\Documents\Algorithms\$\$\$\Minimax.cpp(38,1): warning C4267: аргумент: преобразование из "size_t" в "int"; возможна потеря данных
C:\Users\Medion\Documents\Algorithms\$\$\$\Minimax.cpp(39,1): warning C4267: аргумент: преобразование из "size_t" в "int"; возможна потеря данных
C:\Users\Medion\Documents\Algorithms\$\$\$\EnemyTurn.cpp(17,1): warning C4267: аргумент: преобразование из "size_t" в "int"; возможна потеря данных
C:\Users\Medion\Documents\Algorithms\$\$\$\EnemyTurn.cpp(37,1): warning C4267: аргумент: преобразование из "size_t" в "int"; возможна потеря данных
  Button.cpp
  GameObject.cpp
  Minimax.cpp
C:\Users\Medion\Documents\Algorithms\$\$\$\Minimax.cpp(18,16): warning C4244: инициализация: преобразование "double" в "float", возможна потеря данных
C:\Users\Medion\Documents\Algorithms\$\$\$\Minimax.cpp(21,22): warning C4244: +=: преобразование "double" в "float", возможна потеря данных
C:\Users\Medion\Documents\Algorithms\$\$\$\Minimax.cpp(22,22): warning C4244: +=: преобразование "double" в "float", возможна потеря данных
C:\Users\Medion\Documents\Algorithms\$\$\$\Minimax.cpp(37,1): warning C4267: аргумент: преобразование из "size_t" в "int"; возможна потеря данных
C:\Users\Medion\Documents\Algorithms\$\$\$\Minimax.cpp(38,1): warning C4267: аргумент: преобразование из "size_t" в "int"; возможна потеря данных
C:\Users\Medion\Documents\Algorithms\$\$\$\Minimax.cpp(39,1): warning C4267: аргумент: преобразование из "size_t" в "int"; возможна потеря данных
  PlayerTurn.cpp
C:\Users\Medion\Documents\Algorithms\$\$\$\DiceAnimation.cpp(34,70): warning C4244: аргумент: преобразование "float" в "T", возможна потеря данных
          with
          [
              T=int
          ]
C:\Users\Medion\Documents\Algorithms\$\$\$\DiceAnimation.cpp(34,58): warning C4244: аргумент: преобразование "float" в "T", возможна потеря данных
          with
          [
              T=int
          ]
C:\Users\Medion\Documents\Algorithms\$\$\$\DiceAnimation.cpp(34,41): warning C4244: аргумент: преобразование "float" в "T", возможна потеря данных
          with
          [
              T=int
          ]
C:\Users\Medion\Documents\Algorithms\$\$\$\PlayerTurn.cpp(104,1): warning C4267: аргумент: преобразование из "size_t" в "int"; возможна потеря данных
  SelectBuck.cpp
C:\Users\Medion\Documents\Algorithms\$\$\$\DiceAnimation.cpp(34,70): warning C4244: аргумент: преобразование "float" в "T", возможна потеря данных
          with
          [
              T=int
          ]
C:\Users\Medion\Documents\Algorithms\$\$\$\DiceAnimation.cpp(34,58): warning C4244: аргумент: преобразование "float" в "T", возможна потеря данных
          with
          [
              T=int
          ]
C:\Users\Medion\Documents\Algorithms\$\$\$\DiceAnimation.cpp(34,41): warning C4244: аргумент: преобразование "float" в "T", возможна потеря данных
          with
          [
              T=int
          ]
C:\Users\Medion\Documents\Algorithms\$\$\$\SelectBuck.cpp(36,1): warning C4267: аргумент: преобразование из "size_t" в "int"; возможна потеря данных
  Stage.cpp
C:\Users\Medion\Documents\Algorithms\$\$\$\DiceAnimation.cpp(34,70): warning C4244: аргумент: преобразование "float" в "T", возможна потеря данных
          with
          [
              T=int
          ]
C:\Users\Medion\Documents\Algorithms\$\$\$\DiceAnimation.cpp(34,58): warning C4244: аргумент: преобразование "float" в "T", возможна потеря данных
          with
          [
              T=int
          ]
C:\Users\Medion\Documents\Algorithms\$\$\$\DiceAnimation.cpp(34,41): warning C4244: аргумент: преобразование "float" в "T", возможна потеря данных
          with
          [
              T=int
          ]
  GameState.cpp
  Header.cpp
  Main.cpp
C:\Users\Medion\Documents\Algorithms\$\$\$\DiceAnimation.cpp(34,70): warning C4244: аргумент: преобразование "float" в "T", возможна потеря данных
          with
          [
              T=int
          ]
C:\Users\Medion\Documents\Algorithms\$\$\$\DiceAnimation.cpp(34,58): warning C4244: аргумент: преобразование "float" в "T", возможна потеря данных
          with
          [
              T=int
          ]
C:\Users\Medion\Documents\Algorithms\$\$\$\DiceAnimation.cpp(34,41): warning C4244: аргумент: преобразование "float" в "T", возможна потеря данных
          with
          [
              T=int
          ]
C:\Users\Medion\Documents\Algorithms\$\$\$\SelectBuck.cpp(36,1): warning C4267: аргумент: преобразование из "size_t" в "int"; возможна потеря данных
C:\Users\Medion\Documents\Algorithms\$\$\$\PlayerTurn.cpp(104,1): warning C4267: аргумент: преобразование из "size_t" в "int"; возможна потеря данных
C:\Users\Medion\Documents\Algorithms\$\$\$\Minimax.cpp(18,16): warning C4244: инициализация: преобразование "double" в "float", возможна потеря данных
C:\Users\Medion\Documents\Algorithms\$\$\$\Minimax.cpp(21,22): warning C4244: +=: преобразование "double" в "float", возможна потеря данных
C:\Users\Medion\Documents\Algorithms\$\$\$\Minimax.cpp(22,22): warning C4244: +=: преобразование "double" в "float", возможна потеря данных
C:\Users\Medion\Documents\Algorithms\$\$\$\Minimax.cpp(37,1): warning C4267: аргумент: преобразование из "size_t" в "int"; возможна потеря данных
C:\Users\Medion\Documents\Algorithms\$\$\$\Minimax.cpp(38,1): warning C4267: аргумент: преобразование из "size_t" в "int"; возможна потеря данных
C:\Users\Medion\Documents\Algorithms\$\$\$\Minimax.cpp(39,1): warning C4267: аргумент: преобразование из "size_t" в "int"; возможна потеря данных
C:\Users\Medion\Documents\Algorithms\$\$\$\EnemyTurn.cpp(17,1): warning C4267: аргумент: преобразование из "size_t" в "int"; возможна потеря данных
C:\Users\Medion\Documents\Algorithms\$\$\$\EnemyTurn.cpp(37,1): warning C4267: аргумент: преобразование из "size_t" в "int"; возможна потеря данных
C:\Users\Medion\Documents\Algorithms\$\$\$\Main.cpp(18,15): warning C4244: аргумент: преобразование "time_t" в "unsigned int", возможна потеря данных
  RollToMove.cpp
C:\Users\Medion\Documents\Algorithms\$\$\$\DiceAnimation.cpp(34,70): warning C4244: аргумент: преобразование "float" в "T", возможна потеря данных
          with
          [
              T=int
          ]
C:\Users\Medion\Documents\Algorithms\$\$\$\DiceAnimation.cpp(34,58): warning C4244: аргумент: преобразование "float" в "T", возможна потеря данных
          with
          [
              T=int
          ]
C:\Users\Medion\Documents\Algorithms\$\$\$\DiceAnimation.cpp(34,41): warning C4244: аргумент: преобразование "float" в "T", возможна потеря данных
          with
          [
              T=int
          ]
  StageManager.cpp
C:\Users\Medion\Documents\Algorithms\$\$\$\DiceAnimation.cpp(34,70): warning C4244: аргумент: преобразование "float" в "T", возможна потеря данных
          with
          [
              T=int
          ]
C:\Users\Medion\Documents\Algorithms\$\$\$\DiceAnimation.cpp(34,58): warning C4244: аргумент: преобразование "float" в "T", возможна потеря данных
          with
          [
              T=int
          ]
C:\Users\Medion\Documents\Algorithms\$\$\$\DiceAnimation.cpp(34,41): warning C4244: аргумент: преобразование "float" в "T", возможна потеря данных
          with
          [
              T=int
          ]
C:\Users\Medion\Documents\Algorithms\$\$\$\SelectBuck.cpp(36,1): warning C4267: аргумент: преобразование из "size_t" в "int"; возможна потеря данных
C:\Users\Medion\Documents\Algorithms\$\$\$\PlayerTurn.cpp(104,1): warning C4267: аргумент: преобразование из "size_t" в "int"; возможна потеря данных
C:\Users\Medion\Documents\Algorithms\$\$\$\Minimax.cpp(18,16): warning C4244: инициализация: преобразование "double" в "float", возможна потеря данных
C:\Users\Medion\Documents\Algorithms\$\$\$\Minimax.cpp(21,22): warning C4244: +=: преобразование "double" в "float", возможна потеря данных
C:\Users\Medion\Documents\Algorithms\$\$\$\Minimax.cpp(22,22): warning C4244: +=: преобразование "double" в "float", возможна потеря данных
C:\Users\Medion\Documents\Algorithms\$\$\$\Minimax.cpp(37,1): warning C4267: аргумент: преобразование из "size_t" в "int"; возможна потеря данных
C:\Users\Medion\Documents\Algorithms\$\$\$\Minimax.cpp(38,1): warning C4267: аргумент: преобразование из "size_t" в "int"; возможна потеря данных
C:\Users\Medion\Documents\Algorithms\$\$\$\Minimax.cpp(39,1): warning C4267: аргумент: преобразование из "size_t" в "int"; возможна потеря данных
C:\Users\Medion\Documents\Algorithms\$\$\$\EnemyTurn.cpp(17,1): warning C4267: аргумент: преобразование из "size_t" в "int"; возможна потеря данных
C:\Users\Medion\Documents\Algorithms\$\$\$\EnemyTurn.cpp(37,1): warning C4267: аргумент: преобразование из "size_t" в "int"; возможна потеря данных
  Создание кода...
  $.vcxproj -> C:\Users\Medion\Documents\Algorithms\$\$\x64\Debug\$.exe
